2017-08-13 02:56:29 [scrapy.core.engine] INFO: Closing spider (finished)
2017-08-13 02:56:29 [scrapy.statscollectors] INFO: Dumping Scrapy stats:
{'downloader/request_bytes': 450,
 'downloader/request_count': 2,
 'downloader/request_method_count/GET': 2,
 'downloader/response_bytes': 2701,
 'downloader/response_count': 2,
 'downloader/response_status_count/200': 1,
 'downloader/response_status_count/404': 1,
 'finish_reason': 'finished',
 'finish_time': datetime.datetime(2017, 8, 12, 17, 56, 29, 835108),
 'item_scraped_count': 10,
 'log_count/DEBUG': 13,
 'log_count/INFO': 7,
 'memusage/max': 50573312,
 'memusage/startup': 50573312,
 'response_received_count': 2,
 'scheduler/dequeued': 1,
 'scheduler/dequeued/memory': 1,
 'scheduler/enqueued': 1,
 'scheduler/enqueued/memory': 1,
 'start_time': datetime.datetime(2017, 8, 12, 17, 56, 28, 623615)}
2017-08-13 02:56:29 [scrapy.core.engine] INFO: Spider closed (finished)